<?xml version="1.0" encoding="UTF-8"?>
<!-- Generated by org.testng.reporters.JUnitReportReporter -->
<testsuite skipped="0" hostname="DESKTOP-JKBQG4G" name="tests.AddProductReviewTest" tests="4" failures="0" timestamp="2020-07-23T20:42:38 EET" time="34.886" errors="0">
  <testcase name="userCanRegisterSuccessfully" time="7.781" classname="tests.AddProductReviewTest"/>
  <system-out/>
  <testcase name="userCanSearchWithAutoSuggest" time="6.899" classname="tests.AddProductReviewTest"/>
  <system-out/>
  <testcase name="RegisteredUserCanAddReview" time="15.626" classname="tests.AddProductReviewTest"/>
  <system-out/>
  <testcase name="registeredUserCanLogout" time="4.580" classname="tests.AddProductReviewTest"/>
  <system-out/>
</testsuite> <!-- tests.AddProductReviewTest -->
