<?xml version="1.0" encoding="UTF-8"?>
<!-- Generated by org.testng.reporters.JUnitReportReporter -->
<testsuite skipped="0" hostname="DESKTOP-JKBQG4G" name="runner.TestRunner" tests="2" failures="0" timestamp="2020-07-06T19:16:59 EET" time="48.575" errors="0">
  <testcase name="feature" time="0.044" classname="runner.TestRunner"/>
  <system-out/>
  <testcase name="feature" time="48.531" classname="runner.TestRunner"/>
  <system-out/>
</testsuite> <!-- runner.TestRunner -->
