<?xml version="1.0" encoding="UTF-8"?>
<!-- Generated by org.testng.reporters.JUnitReportReporter -->
<testsuite skipped="0" hostname="DESKTOP-JKBQG4G" name="tests.MyAccountTest" tests="4" failures="0" timestamp="2020-07-23T20:42:38 EET" time="213.607" errors="0">
  <testcase name="userCanRegisterSuccessfully" time="189.373" classname="tests.MyAccountTest"/>
  <system-out/>
  <testcase name="RegisteredUserCanChangePassword" time="8.188" classname="tests.MyAccountTest"/>
  <system-out/>
  <testcase name="registeredUserCanLogout" time="8.697" classname="tests.MyAccountTest"/>
  <system-out/>
  <testcase name="registeredUserCanLogin" time="7.349" classname="tests.MyAccountTest"/>
  <system-out/>
</testsuite> <!-- tests.MyAccountTest -->
