<?xml version="1.0" encoding="UTF-8"?>
<!-- Generated by org.testng.reporters.JUnitReportReporter -->
<testsuite skipped="0" hostname="DESKTOP-JKBQG4G" name="tests.GuestCheckoutProductFromCartTest" tests="4" failures="0" timestamp="2020-07-23T20:42:38 EET" time="43.917" errors="0">
  <testcase name="userCanSearchWithAutoSuggest" time="8.489" classname="tests.GuestCheckoutProductFromCartTest"/>
  <system-out/>
  <testcase name="userCanAddProductToShoppingCart" time="7.207" classname="tests.GuestCheckoutProductFromCartTest"/>
  <system-out/>
  <testcase name="userCanCheckoutProduct" time="17.771" classname="tests.GuestCheckoutProductFromCartTest"/>
  <system-out/>
  <testcase name="userCanViewOrderDetails" time="10.450" classname="tests.GuestCheckoutProductFromCartTest"/>
  <system-out/>
</testsuite> <!-- tests.GuestCheckoutProductFromCartTest -->
