<?xml version="1.0" encoding="UTF-8"?>
<!-- Generated by org.testng.reporters.JUnitReportReporter -->
<testsuite skipped="0" hostname="DESKTOP-JKBQG4G" name="tests.SearchProductTest" tests="1" failures="0" timestamp="2020-07-23T20:42:38 EET" time="112.602" errors="0">
  <testcase name="userCanSearchForProducts" time="112.602" classname="tests.SearchProductTest"/>
  <system-out/>
</testsuite> <!-- tests.SearchProductTest -->
