<?xml version="1.0" encoding="UTF-8"?>
<!-- Generated by org.testng.reporters.JUnitReportReporter -->
<testsuite skipped="0" hostname="DESKTOP-JKBQG4G" name="tests.ContactUsTest" tests="1" failures="0" timestamp="2020-07-23T20:42:38 EET" time="9.207" errors="0">
  <testcase name="userCanUseContactUs" time="9.207" classname="tests.ContactUsTest"/>
  <system-out/>
</testsuite> <!-- tests.ContactUsTest -->
