<?xml version="1.0" encoding="UTF-8"?>
<!-- Generated by org.testng.reporters.JUnitReportReporter -->
<testsuite skipped="0" hostname="DESKTOP-JKBQG4G" name="tests.ContactUsTest" tests="1" failures="0" timestamp="02 Jun 2020 02:12:29 GMT" time="4.975" errors="0">
  <testcase name="userCanUseContactUs" time="4.975" classname="tests.ContactUsTest"/>
</testsuite> <!-- tests.ContactUsTest -->
