<?xml version="1.0" encoding="UTF-8"?>
<!-- Generated by org.testng.reporters.JUnitReportReporter -->
<testsuite skipped="0" hostname="DESKTOP-JKBQG4G" name="runner.TestRunner" tests="2" failures="0" timestamp="2020-07-24T02:01:04 EET" time="52.718" errors="0">
  <testcase name="feature" time="34.305" classname="runner.TestRunner"/>
  <system-out/>
  <testcase name="feature" time="18.413" classname="runner.TestRunner"/>
  <system-out/>
</testsuite> <!-- runner.TestRunner -->
