<?xml version="1.0" encoding="UTF-8"?>
<!-- Generated by org.testng.reporters.JUnitReportReporter -->
<testsuite skipped="0" hostname="DESKTOP-JKBQG4G" name="tests.AddProductReviewTest" tests="4" failures="0" timestamp="03 Jun 2020 03:31:19 GMT" time="20.498" errors="0">
  <testcase name="userCanRegisterSuccessfully" time="7.970" classname="tests.AddProductReviewTest"/>
  <testcase name="userCanSearchWithAutoSuggest" time="6.214" classname="tests.AddProductReviewTest"/>
  <testcase name="RegisteredUserCanAddReview" time="5.036" classname="tests.AddProductReviewTest"/>
  <testcase name="registeredUserCanLogout" time="1.278" classname="tests.AddProductReviewTest"/>
</testsuite> <!-- tests.AddProductReviewTest -->
