<?xml version="1.0" encoding="UTF-8"?>
<!-- Generated by org.testng.reporters.JUnitReportReporter -->
<testsuite skipped="0" hostname="DESKTOP-JKBQG4G" name="tests.ProductHoverMenuTest" tests="1" failures="0" timestamp="2020-07-23T20:42:38 EET" time="50.511" errors="0">
  <testcase name="userCanSelectSubCategoryFromMainMenu" time="50.511" classname="tests.ProductHoverMenuTest"/>
  <system-out/>
</testsuite> <!-- tests.ProductHoverMenuTest -->
