<?xml version="1.0" encoding="UTF-8"?>
<!-- Generated by org.testng.reporters.JUnitReportReporter -->
<testsuite skipped="0" hostname="DESKTOP-JKBQG4G" name="tests.UserRegistrationTestWithJavaFaker" tests="3" failures="0" timestamp="2020-06-24T17:53:58 EET" time="9.987" errors="0">
  <testcase name="registeredUserCanLogin" time="3.842" classname="tests.UserRegistrationTestWithJavaFaker"/>
  <system-out/>
  <testcase name="registeredUserCanLogout" time="1.710" classname="tests.UserRegistrationTestWithJavaFaker"/>
  <system-out/>
  <testcase name="userCanRegisterSuccessfully" time="4.435" classname="tests.UserRegistrationTestWithJavaFaker"/>
  <system-out/>
</testsuite> <!-- tests.UserRegistrationTestWithJavaFaker -->
