<?xml version="1.0" encoding="UTF-8"?>
<!-- Generated by org.testng.reporters.JUnitReportReporter -->
<testsuite skipped="0" hostname="DESKTOP-JKBQG4G" name="tests.AddProductToCompareTest" tests="2" failures="0" timestamp="06 Jun 2020 21:11:32 GMT" time="33.191" errors="0">
  <testcase name="userCanCompareProducts" time="30.226" classname="tests.AddProductToCompareTest"/>
  <testcase name="userCanClearCompareList" time="2.965" classname="tests.AddProductToCompareTest"/>
</testsuite> <!-- tests.AddProductToCompareTest -->
