<?xml version="1.0" encoding="UTF-8"?>
<!-- Generated by org.testng.reporters.JUnitReportReporter -->
<testsuite skipped="0" hostname="DESKTOP-JKBQG4G" name="tests.ChangeCurrencyTest" tests="2" failures="0" timestamp="2020-07-23T20:42:38 EET" time="18.973" errors="0">
  <testcase name="userCanChangeCurrency" time="10.807" classname="tests.ChangeCurrencyTest"/>
  <system-out/>
  <testcase name="userCanSearchWithAutoSuggest" time="8.166" classname="tests.ChangeCurrencyTest"/>
  <system-out/>
</testsuite> <!-- tests.ChangeCurrencyTest -->
