<?xml version="1.0" encoding="UTF-8"?>
<!-- Generated by org.testng.reporters.JUnitReportReporter -->
<testsuite skipped="0" hostname="DESKTOP-JKBQG4G" name="tests.AddProductToWishListTest" tests="3" failures="0" timestamp="03 Jun 2020 22:24:35 GMT" time="10.609" errors="0">
  <testcase name="userCanSearchWithAutoSuggest" time="6.535" classname="tests.AddProductToWishListTest"/>
  <testcase name="userCanAddProductToWishList" time="2.564" classname="tests.AddProductToWishListTest"/>
  <testcase name="userCanRemoveProductFromWishList" time="1.510" classname="tests.AddProductToWishListTest"/>
</testsuite> <!-- tests.AddProductToWishListTest -->
