<?xml version="1.0" encoding="UTF-8"?>
<!-- Generated by org.testng.reporters.JUnitReportReporter -->
<testsuite skipped="0" hostname="DESKTOP-JKBQG4G" name="tests.UserRegistrationTestWithDDTandCSV" tests="1" failures="0" timestamp="2020-06-23T17:04:50 EET" time="70.444" errors="0">
  <testcase name="userCanRegisterSuccessfully" time="70.444" classname="tests.UserRegistrationTestWithDDTandCSV"/>
  <system-out/>
</testsuite> <!-- tests.UserRegistrationTestWithDDTandCSV -->
