<?xml version="1.0" encoding="UTF-8"?>
<!-- Generated by org.testng.reporters.JUnitReportReporter -->
<testsuite skipped="0" hostname="DESKTOP-JKBQG4G" name="tests.AddProductToShoppingCartTest" tests="3" failures="0" timestamp="07 Jun 2020 14:47:04 GMT" time="11.252" errors="0">
  <testcase name="userCanSearchWithAutoSuggest" time="5.356" classname="tests.AddProductToShoppingCartTest"/>
  <testcase name="userCanAddProductToShoppingCart" time="4.811" classname="tests.AddProductToShoppingCartTest"/>
  <testcase name="userCanRemoveProductFromShoppingCart" time="1.085" classname="tests.AddProductToShoppingCartTest"/>
</testsuite> <!-- tests.AddProductToShoppingCartTest -->
