<?xml version="1.0" encoding="UTF-8"?>
<!-- Generated by org.testng.reporters.JUnitReportReporter -->
<testsuite skipped="0" hostname="DESKTOP-JKBQG4G" name="tests.UserRegistrationTestWithDDTandJSON" tests="1" failures="0" timestamp="2020-06-24T15:43:46 EET" time="16.089" errors="0">
  <testcase name="userCanRegisterSuccessfully" time="16.089" classname="tests.UserRegistrationTestWithDDTandJSON"/>
  <system-out/>
</testsuite> <!-- tests.UserRegistrationTestWithDDTandJSON -->
