<?xml version="1.0" encoding="UTF-8"?>
<!-- Generated by org.testng.reporters.JUnitReportReporter -->
<testsuite skipped="0" hostname="DESKTOP-JKBQG4G" name="tests.SearchProductTest" tests="1" failures="0" timestamp="31 May 2020 21:36:52 GMT" time="15.069" errors="0">
  <testcase name="userCanSearchForProducts" time="15.069" classname="tests.SearchProductTest"/>
</testsuite> <!-- tests.SearchProductTest -->
