<?xml version="1.0" encoding="UTF-8"?>
<!-- Generated by org.testng.reporters.JUnitReportReporter -->
<testsuite skipped="0" hostname="DESKTOP-JKBQG4G" name="tests.UserRegistrationTestWithDDTandPropertiesFile" tests="3" failures="0" timestamp="2020-06-18T22:30:11 EET" time="12.245" errors="0">
  <testcase name="registeredUserCanLogin" time="5.320" classname="tests.UserRegistrationTestWithDDTandPropertiesFile"/>
  <system-out/>
  <testcase name="registeredUserCanLogout" time="1.092" classname="tests.UserRegistrationTestWithDDTandPropertiesFile"/>
  <system-out/>
  <testcase name="userCanRegisterSuccessfully" time="5.833" classname="tests.UserRegistrationTestWithDDTandPropertiesFile"/>
  <system-out/>
</testsuite> <!-- tests.UserRegistrationTestWithDDTandPropertiesFile -->
