<?xml version="1.0" encoding="UTF-8"?>
<!-- Generated by org.testng.reporters.JUnitReportReporter -->
<testsuite skipped="0" hostname="DESKTOP-JKBQG4G" name="tests.RegisteredUserCheckoutProductTest" tests="5" failures="0" timestamp="2020-06-08T01:37:42 EET" time="41.416" errors="0">
  <testcase name="userCanRegisterSuccessfully" time="5.775" classname="tests.RegisteredUserCheckoutProductTest"/>
  <system-out/>
  <testcase name="userCanSearchWithAutoSuggest" time="5.866" classname="tests.RegisteredUserCheckoutProductTest"/>
  <system-out/>
  <testcase name="userCanAddProductToShoppingCart" time="8.064" classname="tests.RegisteredUserCheckoutProductTest"/>
  <system-out/>
  <testcase name="userCanCheckoutProduct" time="16.599" classname="tests.RegisteredUserCheckoutProductTest"/>
  <system-out/>
  <testcase name="registeredUserCanLogout" time="5.112" classname="tests.RegisteredUserCheckoutProductTest"/>
  <system-out/>
</testsuite> <!-- tests.RegisteredUserCheckoutProductTest -->
