<?xml version="1.0" encoding="UTF-8"?>
<!-- Generated by org.testng.reporters.JUnitReportReporter -->
<testsuite skipped="0" hostname="DESKTOP-JKBQG4G" name="tests.AddProductToCompareTest" tests="2" failures="0" timestamp="2020-07-23T20:42:38 EET" time="24.213" errors="0">
  <testcase name="userCanCompareProducts" time="23.138" classname="tests.AddProductToCompareTest"/>
  <system-out/>
  <testcase name="userCanClearCompareList" time="1.075" classname="tests.AddProductToCompareTest"/>
  <system-out/>
</testsuite> <!-- tests.AddProductToCompareTest -->
