<?xml version="1.0" encoding="UTF-8"?>
<!-- Generated by org.testng.reporters.JUnitReportReporter -->
<testsuite skipped="0" hostname="DESKTOP-JKBQG4G" name="tests.UserRegistrationTest" tests="3" failures="0" timestamp="18 May 2020 00:37:37 GMT" time="15.402" errors="0">
  <testcase name="registeredUserCanLogin" time="5.533" classname="tests.UserRegistrationTest"/>
  <testcase name="registeredUserCanLogout" time="3.266" classname="tests.UserRegistrationTest"/>
  <testcase name="userCanRegisterSuccessfully" time="6.603" classname="tests.UserRegistrationTest"/>
</testsuite> <!-- tests.UserRegistrationTest -->
