<?xml version="1.0" encoding="UTF-8"?>
<!-- Generated by org.testng.reporters.JUnitReportReporter -->
<testsuite skipped="0" hostname="DESKTOP-JKBQG4G" name="tests.UserRegistrationTestWithDDTandDataProvider" tests="2" failures="0" timestamp="2020-06-18T16:57:06 EET" time="45.858" errors="0">
  <testcase name="userCanRegisterSuccessfully" time="22.566" classname="tests.UserRegistrationTestWithDDTandDataProvider"/>
  <system-out/>
  <testcase name="userCanRegisterSuccessfully" time="23.292" classname="tests.UserRegistrationTestWithDDTandDataProvider"/>
  <system-out/>
</testsuite> <!-- tests.UserRegistrationTestWithDDTandDataProvider -->
