<?xml version="1.0" encoding="UTF-8"?>
<!-- Generated by org.testng.reporters.JUnitReportReporter -->
<testsuite skipped="0" hostname="DESKTOP-JKBQG4G" name="tests.ChangeCurrencyTest" tests="2" failures="0" timestamp="2020-06-24T12:55:14 EET" time="12.740" errors="0">
  <testcase name="userCanChangeCurrency" time="4.009" classname="tests.ChangeCurrencyTest"/>
  <system-out/>
  <testcase name="userCanSearchWithAutoSuggest" time="8.731" classname="tests.ChangeCurrencyTest"/>
  <system-out/>
</testsuite> <!-- tests.ChangeCurrencyTest -->
