<?xml version="1.0" encoding="UTF-8"?>
<!-- Generated by org.testng.reporters.JUnitReportReporter -->
<testsuite skipped="0" hostname="DESKTOP-JKBQG4G" name="tests.UserRegistrationTest" tests="3" failures="0" timestamp="2020-07-23T20:42:38 EET" time="66.603" errors="0">
  <testcase name="registeredUserCanLogout" time="0.132" classname="tests.UserRegistrationTest"/>
  <system-out/>
  <testcase name="registeredUserCanLogin" time="58.376" classname="tests.UserRegistrationTest"/>
  <system-out/>
  <testcase name="userCanRegisterSuccessfully" time="8.095" classname="tests.UserRegistrationTest"/>
  <system-out/>
</testsuite> <!-- tests.UserRegistrationTest -->
