<?xml version="1.0" encoding="UTF-8"?>
<!-- Generated by org.testng.reporters.JUnitReportReporter -->
<testsuite skipped="0" hostname="DESKTOP-JKBQG4G" name="tests.SearchPageUsingAutoSuggestTest" tests="1" failures="0" timestamp="2020-07-23T20:42:38 EET" time="7.923" errors="0">
  <testcase name="userCanSearchWithAutoSuggest" time="7.923" classname="tests.SearchPageUsingAutoSuggestTest"/>
  <system-out/>
</testsuite> <!-- tests.SearchPageUsingAutoSuggestTest -->
