<?xml version="1.0" encoding="UTF-8"?>
<!-- Generated by org.testng.reporters.JUnitReportReporter -->
<testsuite skipped="0" hostname="DESKTOP-JKBQG4G" name="tests.EmailFriendTest" tests="4" failures="0" timestamp="2020-07-23T20:42:38 EET" time="25.962" errors="0">
  <testcase name="userCanRegisterSuccessfully" time="12.692" classname="tests.EmailFriendTest"/>
  <system-out/>
  <testcase name="userCanSearchWithAutoSuggest" time="5.184" classname="tests.EmailFriendTest"/>
  <system-out/>
  <testcase name="RegisteredUserCanSendProductToFriend" time="5.419" classname="tests.EmailFriendTest"/>
  <system-out/>
  <testcase name="registeredUserCanLogout" time="2.667" classname="tests.EmailFriendTest"/>
  <system-out/>
</testsuite> <!-- tests.EmailFriendTest -->
