<?xml version="1.0" encoding="UTF-8"?>
<!-- Generated by org.testng.reporters.JUnitReportReporter -->
<testsuite skipped="0" hostname="DESKTOP-JKBQG4G" name="tests.EmailFriendTest" tests="4" failures="0" timestamp="02 Jun 2020 22:49:29 GMT" time="23.046" errors="0">
  <testcase name="userCanRegisterSuccessfully" time="7.923" classname="tests.EmailFriendTest"/>
  <testcase name="userCanSearchWithAutoSuggest" time="7.148" classname="tests.EmailFriendTest"/>
  <testcase name="RegisteredUserCanSendProductToFriend" time="4.624" classname="tests.EmailFriendTest"/>
  <testcase name="registeredUserCanLogout" time="3.351" classname="tests.EmailFriendTest"/>
</testsuite> <!-- tests.EmailFriendTest -->
