<?xml version="1.0" encoding="UTF-8"?>
<!-- Generated by org.testng.reporters.JUnitReportReporter -->
<testsuite skipped="0" hostname="DESKTOP-JKBQG4G" name="tests.ProductHoverMenuTest" tests="1" failures="0" timestamp="03 Jun 2020 20:44:38 GMT" time="40.106" errors="0">
  <testcase name="userCanSelectSubCategoryFromMainMenu" time="40.106" classname="tests.ProductHoverMenuTest"/>
</testsuite> <!-- tests.ProductHoverMenuTest -->
