<?xml version="1.0" encoding="UTF-8"?>
<!-- Generated by org.testng.reporters.JUnitReportReporter -->
<testsuite skipped="0" hostname="DESKTOP-JKBQG4G" name="tests.ProductHoverMenuTest" tests="1" failures="0" timestamp="10 Jul 2020 10:04:47 GMT" time="37.101" errors="0">
  <testcase name="userCanSelectSubCategoryFromMainMenu" time="37.101" classname="tests.ProductHoverMenuTest"/>
</testsuite> <!-- tests.ProductHoverMenuTest -->
