<?xml version="1.0" encoding="UTF-8"?>
<!-- Generated by org.testng.reporters.JUnitReportReporter -->
<testsuite skipped="0" hostname="DESKTOP-JKBQG4G" name="tests.SearchPageUsingAutoSuggestTest" tests="1" failures="0" timestamp="25 Jul 2020 17:03:23 GMT" time="9.768" errors="0">
  <testcase name="userCanSearchWithAutoSuggest" time="9.768" classname="tests.SearchPageUsingAutoSuggestTest"/>
</testsuite> <!-- tests.SearchPageUsingAutoSuggestTest -->
