<?xml version="1.0" encoding="UTF-8"?>
<!-- Generated by org.testng.reporters.JUnitReportReporter -->
<testsuite skipped="0" hostname="DESKTOP-JKBQG4G" name="tests.SearchPageUsingAutoSuggestTest" tests="1" failures="0" timestamp="10 Jul 2020 10:04:47 GMT" time="7.740" errors="0">
  <testcase name="userCanSearchWithAutoSuggest" time="7.740" classname="tests.SearchPageUsingAutoSuggestTest"/>
</testsuite> <!-- tests.SearchPageUsingAutoSuggestTest -->
