<?xml version="1.0" encoding="UTF-8"?>
<!-- Generated by org.testng.reporters.JUnitReportReporter -->
<testsuite skipped="0" hostname="DESKTOP-JKBQG4G" name="tests.ContactUsTest" tests="1" failures="0" timestamp="23 Jul 2020 21:28:15 GMT" time="13.653" errors="0">
  <testcase name="userCanUseContactUs" time="13.653" classname="tests.ContactUsTest"/>
</testsuite> <!-- tests.ContactUsTest -->
